
> shelie-siempre-bellas@1.0.0 dev
> next dev

  ▲ Next.js 14.2.35
  - Local:        http://localhost:3000

 ✓ Starting...
 ✓ Ready in 5.7s
 ○ Compiling / ...
 ✓ Compiled / in 8.8s (559 modules)
 HEAD / 200 in 9551ms
 ✓ Compiled in 1401ms (286 modules)
 GET / 200 in 328ms
 ⚠ The "images.domains" configuration is deprecated. Please use "images.remotePatterns" configuration instead.
 ○ Compiling /carrito ...
 ✓ Compiled /carrito in 2.7s (551 modules)
 ○ Compiling /checkout ...
 ✓ Compiled /checkout in 1309ms (557 modules)
 ○ Compiling /tienda ...
 ✓ Compiled /tienda in 1749ms (563 modules)
 ○ Compiling /tienda/[slug] ...
 ✓ Compiled /tienda/[slug] in 1869ms (569 modules)
 ⨯ upstream image response failed for https://images.unsplash.com/photo-1600428877878-1a0ff561571c?w=600&h=600&fit=crop 404
 ○ Compiling /resultados ...
 ✓ Compiled /resultados in 3.1s (574 modules)
 ○ Compiling /promos ...
 ✓ Compiled /promos in 2.1s (580 modules)
 ○ Compiling /contacto ...
 ✓ Compiled /contacto in 729ms (586 modules)
 GET / 200 in 547ms
 ○ Compiling /admin ...
 ✓ Compiled /admin in 4.8s (593 modules)
 GET /admin 200 in 6907ms
 ○ Compiling /admin/inbox ...
 ✓ Compiled /admin/inbox in 2.9s (591 modules)
 ○ Compiling /admin/pedidos ...
 ✓ Compiled /admin/pedidos in 2.2s (594 modules)
 ○ Compiling /admin/clientes ...
 ✓ Compiled /admin/clientes in 1840ms (594 modules)
 ○ Compiling /admin/catalogo ...
 ✓ Compiled /admin/catalogo in 2.1s (600 modules)
 ○ Compiling /admin/equipo ...
 ✓ Compiled /admin/equipo in 1680ms (602 modules)
 ○ Compiling /admin/reportes ...
 ✓ Compiled /admin/reportes in 1353ms (608 modules)
